

Microchip Technology PIC LITE Macro Assembler V1.44 build -154322312 
                                                                                               Mon Oct 02 15:49:16 2017

Microchip Technology Omniscient Code Generator v1.44 (Free mode) build 201709140600
     1                           	processor	16F887
     2                           	opt	pw 120
     3                           	opt	lm
     4                           	psect	cinit,global,class=CODE,merge=1,delta=2
     5                           	psect	cstackCOMMON,global,class=COMMON,space=1,delta=1
     6                           	psect	maintext,global,class=CODE,split=1,delta=2
     7                           	dabs	1,0x7E,2
     8  0000                     
     9                           ; Version 1.44
    10                           ; Generated 14/09/2017 GMT
    11                           ; 
    12                           ; Copyright © 2017, Microchip Technology Inc. and its subsidiaries ("Microchip")
    13                           ; All rights reserved.
    14                           ; 
    15                           ; This software is developed by Microchip Technology Inc. and its subsidiaries ("Microch
      +                          ip").
    16                           ; 
    17                           ; Redistribution and use in source and binary forms, with or without modification, are
    18                           ; permitted provided that the following conditions are met:
    19                           ; 
    20                           ;     1. Redistributions of source code must retain the above copyright notice, this lis
      +                          t of
    21                           ;        conditions and the following disclaimer.
    22                           ; 
    23                           ;     2. Redistributions in binary form must reproduce the above copyright notice, this 
      +                          list
    24                           ;        of conditions and the following disclaimer in the documentation and/or other
    25                           ;        materials provided with the distribution.
    26                           ; 
    27                           ;     3. Microchip's name may not be used to endorse or promote products derived from th
      +                          is
    28                           ;        software without specific prior written permission.
    29                           ; 
    30                           ; THIS SOFTWARE IS PROVIDED BY MICROCHIP "AS IS" AND ANY EXPRESS OR IMPLIED WARRANTIES,
    31                           ; INCLUDING, BUT NOT LIMITED TO, THE IMPLIED WARRANTIES OF MERCHANTABILITY AND FITNESS F
      +                          OR
    32                           ; PURPOSE ARE DISCLAIMED.  IN NO EVENT SHALL MICROCHIP BE LIABLE FOR ANY DIRECT, INDIREC
      +                          T,
    33                           ; INCIDENTAL, SPECIAL, EXEMPLARY, OR CONSEQUENTIAL DAMAGES (INCLUDING BUT NOT LIMITED TO
    34                           ; PROCUREMENT OF SUBSTITUTE GOODS OR SERVICES; LOSS OF USE, DATA OR PROFITS; OR BUSINESS
    35                           ; INTERRUPTION) HOWSOEVER CAUSED AND ON ANY THEORY OF LIABILITY, WHETHER IN CONTRACT, ST
      +                          RICT
    36                           ; LIABILITY, OR TORT (INCLUDING NEGLIGENCE OR OTHERWISE) ARISING IN ANY WAY OUT OF THE U
      +                          SE OF
    37                           ; THIS SOFTWARE, EVEN IF ADVISED OF THE POSSIBILITY OF SUCH DAMAGE.
    38                           ; 
    39                           ; 
    40                           ; Code-generator required, PIC16F887 Definitions
    41                           ; 
    42                           ; SFR Addresses
    43  0000                     	;# 
    44  0001                     	;# 
    45  0002                     	;# 
    46  0003                     	;# 
    47  0004                     	;# 
    48  0005                     	;# 
    49  0006                     	;# 
    50  0007                     	;# 
    51  0008                     	;# 
    52  0009                     	;# 
    53  000A                     	;# 
    54  000B                     	;# 
    55  000C                     	;# 
    56  000D                     	;# 
    57  000E                     	;# 
    58  000E                     	;# 
    59  000F                     	;# 
    60  0010                     	;# 
    61  0011                     	;# 
    62  0012                     	;# 
    63  0013                     	;# 
    64  0014                     	;# 
    65  0015                     	;# 
    66  0015                     	;# 
    67  0016                     	;# 
    68  0017                     	;# 
    69  0018                     	;# 
    70  0019                     	;# 
    71  001A                     	;# 
    72  001B                     	;# 
    73  001B                     	;# 
    74  001C                     	;# 
    75  001D                     	;# 
    76  001E                     	;# 
    77  001F                     	;# 
    78  0081                     	;# 
    79  0085                     	;# 
    80  0086                     	;# 
    81  0087                     	;# 
    82  0088                     	;# 
    83  0089                     	;# 
    84  008C                     	;# 
    85  008D                     	;# 
    86  008E                     	;# 
    87  008F                     	;# 
    88  0090                     	;# 
    89  0091                     	;# 
    90  0092                     	;# 
    91  0093                     	;# 
    92  0093                     	;# 
    93  0093                     	;# 
    94  0094                     	;# 
    95  0095                     	;# 
    96  0096                     	;# 
    97  0097                     	;# 
    98  0098                     	;# 
    99  0099                     	;# 
   100  009A                     	;# 
   101  009B                     	;# 
   102  009C                     	;# 
   103  009D                     	;# 
   104  009E                     	;# 
   105  009F                     	;# 
   106  0105                     	;# 
   107  0107                     	;# 
   108  0108                     	;# 
   109  0109                     	;# 
   110  010C                     	;# 
   111  010C                     	;# 
   112  010D                     	;# 
   113  010E                     	;# 
   114  010F                     	;# 
   115  0185                     	;# 
   116  0187                     	;# 
   117  0188                     	;# 
   118  0189                     	;# 
   119  018C                     	;# 
   120  018D                     	;# 
   121  0008                     _PORTDbits	set	8
   122  001F                     _ADCON0bits	set	31
   123  0089                     _TRISE	set	137
   124  0088                     _TRISD	set	136
   125  0087                     _TRISC	set	135
   126  0086                     _TRISB	set	134
   127  0085                     _TRISA	set	133
   128  0189                     _ANSELH	set	393
   129  0188                     _ANSEL	set	392
   130                           
   131                           ; #config settings
   132  0000                     
   133                           	psect	cinit
   134  07FC                     start_initialization:	
   135  07FC                     __initialization:	
   136  07FC                     end_of_initialization:	
   137                           ;End of C runtime variable initialization code
   138                           
   139  07FC                     __end_of__initialization:	
   140  07FC  0183               	clrf	3
   141  07FD  120A  118A  2FCF   	ljmp	_main	;jump to C main() function
   142                           
   143                           	psect	cstackCOMMON
   144  0070                     __pcstackCOMMON:	
   145  0070                     ?_main:	
   146  0070                     ??_main:	
   147                           ; 1 bytes @ 0x0
   148                           
   149                           
   150                           ; 1 bytes @ 0x0
   151  0070                     	ds	3
   152                           
   153                           	psect	maintext
   154  07CF                     __pmaintext:	
   155 ;;
   156 ;;Main: autosize = 0, tempsize = 3, incstack = 0, save=0
   157 ;;
   158 ;; *************** function _main *****************
   159 ;; Defined at:
   160 ;;		line 57 in file "main.c"
   161 ;; Parameters:    Size  Location     Type
   162 ;;		None
   163 ;; Auto vars:     Size  Location     Type
   164 ;;		None
   165 ;; Return value:  Size  Location     Type
   166 ;;                  1    wreg      void 
   167 ;; Registers used:
   168 ;;		wreg, status,2, status,0
   169 ;; Tracked objects:
   170 ;;		On entry : B00/0
   171 ;;		On exit  : 0/0
   172 ;;		Unchanged: 0/0
   173 ;; Data sizes:     COMMON   BANK0   BANK1   BANK3   BANK2
   174 ;;      Params:         0       0       0       0       0
   175 ;;      Locals:         0       0       0       0       0
   176 ;;      Temps:          3       0       0       0       0
   177 ;;      Totals:         3       0       0       0       0
   178 ;;Total ram usage:        3 bytes
   179 ;; This function calls:
   180 ;;		Nothing
   181 ;; This function is called by:
   182 ;;		Startup code after reset
   183 ;; This function uses a non-reentrant model
   184 ;;
   185                           
   186                           
   187                           ;psect for function _main
   188  07CF                     _main:	
   189                           
   190                           ;main.c: 63: ANSEL=0;
   191                           
   192                           ;incstack = 0
   193                           ; Regs used in _main: [wreg+status,2+status,0]
   194  07CF  1683               	bsf	3,5	;RP0=1, select bank3
   195  07D0  1703               	bsf	3,6	;RP1=1, select bank3
   196  07D1  0188               	clrf	8	;volatile
   197                           
   198                           ;main.c: 64: ANSELH=0;
   199  07D2  0189               	clrf	9	;volatile
   200                           
   201                           ;main.c: 65: ADCON0bits.ADON=0;
   202  07D3  1283               	bcf	3,5	;RP0=0, select bank0
   203  07D4  1303               	bcf	3,6	;RP1=0, select bank0
   204  07D5  101F               	bcf	31,0	;volatile
   205                           
   206                           ;main.c: 70: TRISA=0xFF;
   207  07D6  30FF               	movlw	255
   208  07D7  1683               	bsf	3,5	;RP0=1, select bank1
   209  07D8  1303               	bcf	3,6	;RP1=0, select bank1
   210  07D9  0085               	movwf	5	;volatile
   211                           
   212                           ;main.c: 71: TRISB=0xFF;
   213  07DA  30FF               	movlw	255
   214  07DB  0086               	movwf	6	;volatile
   215                           
   216                           ;main.c: 72: TRISC=0xFF;
   217  07DC  30FF               	movlw	255
   218  07DD  0087               	movwf	7	;volatile
   219                           
   220                           ;main.c: 73: TRISD=0b11111110;
   221  07DE  30FE               	movlw	254
   222  07DF  0088               	movwf	8	;volatile
   223                           
   224                           ;main.c: 75: TRISE=0xFF;
   225  07E0  30FF               	movlw	255
   226  07E1  0089               	movwf	9	;volatile
   227  07E2                     l502:	
   228                           ;main.c: 78: while(1)
   229                           
   230                           
   231                           ;main.c: 79: {
   232                           ;main.c: 81: PORTDbits.RD0^=1;
   233  07E2  1283               	bcf	3,5	;RP0=0, select bank0
   234  07E3  1303               	bcf	3,6	;RP1=0, select bank0
   235  07E4  0808               	movf	8,w	;volatile
   236  07E5  3901               	andlw	1
   237  07E6  00F0               	movwf	??_main
   238  07E7  3001               	movlw	1
   239  07E8  06F0               	xorwf	??_main,f
   240  07E9  0808               	movf	8,w	;volatile
   241  07EA  0670               	xorwf	??_main,w
   242  07EB  39FE               	andlw	-2
   243  07EC  0670               	xorwf	??_main,w
   244  07ED  0088               	movwf	8	;volatile
   245                           
   246                           ;main.c: 85: _delay((unsigned long)((500)*(20000000/4000.0)));
   247  07EE  300D               	movlw	13
   248  07EF  00F2               	movwf	??_main+2
   249  07F0  30AF               	movlw	175
   250  07F1  00F1               	movwf	??_main+1
   251  07F2  30B6               	movlw	182
   252  07F3  00F0               	movwf	??_main
   253  07F4                     u17:	
   254  07F4  0BF0               	decfsz	??_main,f
   255  07F5  2FF4               	goto	u17
   256  07F6  0BF1               	decfsz	??_main+1,f
   257  07F7  2FF4               	goto	u17
   258  07F8  0BF2               	decfsz	??_main+2,f
   259  07F9  2FF4               	goto	u17
   260  07FA  0000               	nop
   261  07FB  2FE2               	goto	l502
   262  07FC                     __end_of_main:	
   263  007E                     btemp	set	126	;btemp
   264  007E                     wtemp0	set	126


Data Sizes:
    Strings     0
    Constant    0
    Data        0
    BSS         0
    Persistent  0
    Stack       0

Auto Spaces:
    Space          Size  Autos    Used
    COMMON           14      3       3
    BANK0            80      0       0
    BANK1            80      0       0
    BANK3            96      0       0
    BANK2            96      0       0

Pointer List with Targets:

    None.

Critical Paths under _main in COMMON

    None.

Critical Paths under _main in BANK0

    None.

Critical Paths under _main in BANK1

    None.

Critical Paths under _main in BANK3

    None.

Critical Paths under _main in BANK2

    None.

Call Graph Tables:

 ---------------------------------------------------------------------------------
 (Depth) Function   	        Calls       Base Space   Used Autos Params    Refs
 ---------------------------------------------------------------------------------
 (0) _main                                                 3     3      0       0
                                              0 COMMON     3     3      0
 ---------------------------------------------------------------------------------
 Estimated maximum stack depth 0
 ---------------------------------------------------------------------------------

 Call Graph Graphs:

 _main (ROOT)

 Address spaces:
Name               Size   Autos  Total    Cost      Usage
BITCOMMON            E      0       0       0        0.0%
EEDATA             100      0       0       0        0.0%
NULL                 0      0       0       0        0.0%
CODE                 0      0       0       0        0.0%
COMMON               E      3       3       1       21.4%
BITSFR0              0      0       0       1        0.0%
SFR0                 0      0       0       1        0.0%
BITSFR1              0      0       0       2        0.0%
SFR1                 0      0       0       2        0.0%
STACK                0      0       0       2        0.0%
ABS                  0      0       0       3        0.0%
BITBANK0            50      0       0       4        0.0%
BITSFR3              0      0       0       4        0.0%
SFR3                 0      0       0       4        0.0%
BANK0               50      0       0       5        0.0%
BITSFR2              0      0       0       5        0.0%
SFR2                 0      0       0       5        0.0%
BITBANK1            50      0       0       6        0.0%
BANK1               50      0       0       7        0.0%
BITBANK3            60      0       0       8        0.0%
BANK3               60      0       0       9        0.0%
BITBANK2            60      0       0      10        0.0%
BANK2               60      0       0      11        0.0%
DATA                 0      0       0      12        0.0%


Microchip Technology PIC Macro Assembler V1.44 build -154322312 
Symbol Table                                                                                   Mon Oct 02 15:49:16 2017

            __CFG_CP$OFF 0000                       u17 07F4                      l502 07E2  
           __CFG_CPD$OFF 0000             __CFG_FOSC$HS 0000             __CFG_LVP$OFF 0000  
           __CFG_WRT$OFF 0000                     _main 07CF                     btemp 007E  
                   start 0000            __CFG_IESO$OFF 0000            __CFG_MCLRE$ON 0000  
                  ?_main 0070            __CFG_WDTE$OFF 0000                    _ANSEL 0188  
                  _TRISA 0085                    _TRISB 0086                    _TRISC 0087  
                  _TRISD 0088                    _TRISE 0089            __CFG_PWRTE$ON 0000  
         __CFG_FCMEN$OFF 0000           __CFG_BOREN$OFF 0000                    status 0003  
                  wtemp0 007E          __initialization 07FC             __end_of_main 07FC  
                 ??_main 0070                   _ANSELH 0189  __end_of__initialization 07FC  
         __pcstackCOMMON 0070               __pmaintext 07CF     end_of_initialization 07FC  
              _PORTDbits 0008      start_initialization 07FC                ___latbits 0002  
             _ADCON0bits 001F        __CFG_BOR4V$BOR21V 0000            __size_of_main 002D  
