

Microchip Technology PIC LITE Macro Assembler V1.44 build -154322312 
                                                                                               Tue Oct 03 16:31:33 2017

Microchip Technology Omniscient Code Generator v1.44 (Free mode) build 201709140600
     1                           	processor	16F887
     2                           	opt	pw 120
     3                           	opt	lm
     4                           	psect	cinit,global,class=CODE,merge=1,delta=2
     5                           	psect	cstackCOMMON,global,class=COMMON,space=1,delta=1
     6                           	psect	maintext,global,class=CODE,split=1,delta=2
     7                           	psect	text1,local,class=CODE,merge=1,delta=2
     8                           	dabs	1,0x7E,2
     9  0000                     
    10                           ; Version 1.44
    11                           ; Generated 14/09/2017 GMT
    12                           ; 
    13                           ; Copyright © 2017, Microchip Technology Inc. and its subsidiaries ("Microchip")
    14                           ; All rights reserved.
    15                           ; 
    16                           ; This software is developed by Microchip Technology Inc. and its subsidiaries ("Microch
      +                          ip").
    17                           ; 
    18                           ; Redistribution and use in source and binary forms, with or without modification, are
    19                           ; permitted provided that the following conditions are met:
    20                           ; 
    21                           ;     1. Redistributions of source code must retain the above copyright notice, this lis
      +                          t of
    22                           ;        conditions and the following disclaimer.
    23                           ; 
    24                           ;     2. Redistributions in binary form must reproduce the above copyright notice, this 
      +                          list
    25                           ;        of conditions and the following disclaimer in the documentation and/or other
    26                           ;        materials provided with the distribution.
    27                           ; 
    28                           ;     3. Microchip's name may not be used to endorse or promote products derived from th
      +                          is
    29                           ;        software without specific prior written permission.
    30                           ; 
    31                           ; THIS SOFTWARE IS PROVIDED BY MICROCHIP "AS IS" AND ANY EXPRESS OR IMPLIED WARRANTIES,
    32                           ; INCLUDING, BUT NOT LIMITED TO, THE IMPLIED WARRANTIES OF MERCHANTABILITY AND FITNESS F
      +                          OR
    33                           ; PURPOSE ARE DISCLAIMED.  IN NO EVENT SHALL MICROCHIP BE LIABLE FOR ANY DIRECT, INDIREC
      +                          T,
    34                           ; INCIDENTAL, SPECIAL, EXEMPLARY, OR CONSEQUENTIAL DAMAGES (INCLUDING BUT NOT LIMITED TO
    35                           ; PROCUREMENT OF SUBSTITUTE GOODS OR SERVICES; LOSS OF USE, DATA OR PROFITS; OR BUSINESS
    36                           ; INTERRUPTION) HOWSOEVER CAUSED AND ON ANY THEORY OF LIABILITY, WHETHER IN CONTRACT, ST
      +                          RICT
    37                           ; LIABILITY, OR TORT (INCLUDING NEGLIGENCE OR OTHERWISE) ARISING IN ANY WAY OUT OF THE U
      +                          SE OF
    38                           ; THIS SOFTWARE, EVEN IF ADVISED OF THE POSSIBILITY OF SUCH DAMAGE.
    39                           ; 
    40                           ; 
    41                           ; Code-generator required, PIC16F887 Definitions
    42                           ; 
    43                           ; SFR Addresses
    44  0000                     	;# 
    45  0001                     	;# 
    46  0002                     	;# 
    47  0003                     	;# 
    48  0004                     	;# 
    49  0005                     	;# 
    50  0006                     	;# 
    51  0007                     	;# 
    52  0008                     	;# 
    53  0009                     	;# 
    54  000A                     	;# 
    55  000B                     	;# 
    56  000C                     	;# 
    57  000D                     	;# 
    58  000E                     	;# 
    59  000E                     	;# 
    60  000F                     	;# 
    61  0010                     	;# 
    62  0011                     	;# 
    63  0012                     	;# 
    64  0013                     	;# 
    65  0014                     	;# 
    66  0015                     	;# 
    67  0015                     	;# 
    68  0016                     	;# 
    69  0017                     	;# 
    70  0018                     	;# 
    71  0019                     	;# 
    72  001A                     	;# 
    73  001B                     	;# 
    74  001B                     	;# 
    75  001C                     	;# 
    76  001D                     	;# 
    77  001E                     	;# 
    78  001F                     	;# 
    79  0081                     	;# 
    80  0085                     	;# 
    81  0086                     	;# 
    82  0087                     	;# 
    83  0088                     	;# 
    84  0089                     	;# 
    85  008C                     	;# 
    86  008D                     	;# 
    87  008E                     	;# 
    88  008F                     	;# 
    89  0090                     	;# 
    90  0091                     	;# 
    91  0092                     	;# 
    92  0093                     	;# 
    93  0093                     	;# 
    94  0093                     	;# 
    95  0094                     	;# 
    96  0095                     	;# 
    97  0096                     	;# 
    98  0097                     	;# 
    99  0098                     	;# 
   100  0099                     	;# 
   101  009A                     	;# 
   102  009B                     	;# 
   103  009C                     	;# 
   104  009D                     	;# 
   105  009E                     	;# 
   106  009F                     	;# 
   107  0105                     	;# 
   108  0107                     	;# 
   109  0108                     	;# 
   110  0109                     	;# 
   111  010C                     	;# 
   112  010C                     	;# 
   113  010D                     	;# 
   114  010E                     	;# 
   115  010F                     	;# 
   116  0185                     	;# 
   117  0187                     	;# 
   118  0188                     	;# 
   119  0189                     	;# 
   120  018C                     	;# 
   121  018D                     	;# 
   122  0008                     _PORTD	set	8
   123  001F                     _ADCON0bits	set	31
   124  0008                     _PORTDbits	set	8
   125  0006                     _PORTBbits	set	6
   126  0081                     _OPTION_REGbits	set	129
   127  0089                     _TRISE	set	137
   128  0088                     _TRISD	set	136
   129  0087                     _TRISC	set	135
   130  0086                     _TRISB	set	134
   131  0085                     _TRISA	set	133
   132  0189                     _ANSELH	set	393
   133  0188                     _ANSEL	set	392
   134                           
   135                           ; #config settings
   136  0000                     
   137                           	psect	cinit
   138  07FC                     start_initialization:	
   139  07FC                     __initialization:	
   140  07FC                     end_of_initialization:	
   141                           ;End of C runtime variable initialization code
   142                           
   143  07FC                     __end_of__initialization:	
   144  07FC  0183               	clrf	3
   145  07FD  120A  118A  2F6D   	ljmp	_main	;jump to C main() function
   146                           
   147                           	psect	cstackCOMMON
   148  0070                     __pcstackCOMMON:	
   149  0070                     ?_settings:	
   150  0070                     ??_settings:	
   151                           ; 1 bytes @ 0x0
   152                           
   153  0070                     ??_main:	
   154                           ; 1 bytes @ 0x0
   155                           
   156  0070                     ?_main:	
   157                           ; 1 bytes @ 0x0
   158                           
   159                           
   160                           ; 2 bytes @ 0x0
   161  0070                     	ds	3
   162                           
   163                           	psect	maintext
   164  076D                     __pmaintext:	
   165 ;;
   166 ;;Main: autosize = 0, tempsize = 3, incstack = 0, save=0
   167 ;;
   168 ;; *************** function _main *****************
   169 ;; Defined at:
   170 ;;		line 52 in file "main.c"
   171 ;; Parameters:    Size  Location     Type
   172 ;;		None
   173 ;; Auto vars:     Size  Location     Type
   174 ;;		None
   175 ;; Return value:  Size  Location     Type
   176 ;;                  2   32[None  ] int 
   177 ;; Registers used:
   178 ;;		wreg, status,2, status,0, pclath, cstack
   179 ;; Tracked objects:
   180 ;;		On entry : B00/0
   181 ;;		On exit  : 0/0
   182 ;;		Unchanged: 0/0
   183 ;; Data sizes:     COMMON   BANK0   BANK1   BANK3   BANK2
   184 ;;      Params:         0       0       0       0       0
   185 ;;      Locals:         0       0       0       0       0
   186 ;;      Temps:          3       0       0       0       0
   187 ;;      Totals:         3       0       0       0       0
   188 ;;Total ram usage:        3 bytes
   189 ;; Hardware stack levels required when called:    1
   190 ;; This function calls:
   191 ;;		_settings
   192 ;; This function is called by:
   193 ;;		Startup code after reset
   194 ;; This function uses a non-reentrant model
   195 ;;
   196                           
   197                           
   198                           ;psect for function _main
   199  076D                     _main:	
   200                           
   201                           ;main.c: 54: settings();
   202                           
   203                           ;incstack = 0
   204                           ; Regs used in _main: [wreg+status,2+status,0+pclath+cstack]
   205  076D  120A  118A  2753  120A  118A  	fcall	_settings
   206  0772                     l530:	
   207                           ;main.c: 56: while(1)
   208                           
   209                           
   210                           ;main.c: 57: {
   211                           ;main.c: 76: if (!PORTBbits.RB4)
   212  0772  1283               	bcf	3,5	;RP0=0, select bank0
   213  0773  1303               	bcf	3,6	;RP1=0, select bank0
   214  0774  1A06               	btfsc	6,4	;volatile
   215  0775  2F96               	goto	l34
   216                           
   217                           ;main.c: 77: {
   218                           ;main.c: 78: _delay((unsigned long)((100)*(20000000/4000.0)));
   219  0776  3003               	movlw	3
   220  0777  00F2               	movwf	??_main+2
   221  0778  308A               	movlw	138
   222  0779  00F1               	movwf	??_main+1
   223  077A  3055               	movlw	85
   224  077B  00F0               	movwf	??_main
   225  077C                     u97:	
   226  077C  0BF0               	decfsz	??_main,f
   227  077D  2F7C               	goto	u97
   228  077E  0BF1               	decfsz	??_main+1,f
   229  077F  2F7C               	goto	u97
   230  0780  0BF2               	decfsz	??_main+2,f
   231  0781  2F7C               	goto	u97
   232  0782  2F83               	nop2
   233                           
   234                           ;main.c: 81: if (!PORTBbits.RB4)
   235  0783  1283               	bcf	3,5	;RP0=0, select bank0
   236  0784  1303               	bcf	3,6	;RP1=0, select bank0
   237  0785  1A06               	btfsc	6,4	;volatile
   238  0786  2F97               	goto	l36
   239                           
   240                           ;main.c: 82: {
   241                           ;main.c: 83: PORTDbits.RD0=1;
   242  0787  1408               	bsf	8,0	;volatile
   243                           
   244                           ;main.c: 84: _delay((unsigned long)((50)*(20000000/4000.0)));
   245  0788  3002               	movlw	2
   246  0789  00F2               	movwf	??_main+2
   247  078A  3045               	movlw	69
   248  078B  00F1               	movwf	??_main+1
   249  078C  30A9               	movlw	169
   250  078D  00F0               	movwf	??_main
   251  078E                     u107:	
   252  078E  0BF0               	decfsz	??_main,f
   253  078F  2F8E               	goto	u107
   254  0790  0BF1               	decfsz	??_main+1,f
   255  0791  2F8E               	goto	u107
   256  0792  0BF2               	decfsz	??_main+2,f
   257  0793  2F8E               	goto	u107
   258  0794  2F95               	nop2
   259                           
   260                           ;main.c: 85: }
   261                           ;main.c: 86: }
   262  0795  2F97               	goto	l36
   263  0796                     l34:	
   264                           
   265                           ;main.c: 87: else
   266                           ;main.c: 88: {
   267                           ;main.c: 89: PORTDbits.RD0=0;
   268  0796  1008               	bcf	8,0	;volatile
   269  0797                     l36:	
   270                           
   271                           ;main.c: 90: }
   272                           ;main.c: 96: if (!PORTBbits.RB5)
   273  0797  1283               	bcf	3,5	;RP0=0, select bank0
   274  0798  1303               	bcf	3,6	;RP1=0, select bank0
   275  0799  1A86               	btfsc	6,5	;volatile
   276  079A  2FB7               	goto	l546
   277                           
   278                           ;main.c: 97: {
   279                           ;main.c: 98: _delay((unsigned long)((100)*(20000000/4000.0)));
   280  079B  3003               	movlw	3
   281  079C  00F2               	movwf	??_main+2
   282  079D  308A               	movlw	138
   283  079E  00F1               	movwf	??_main+1
   284  079F  3055               	movlw	85
   285  07A0  00F0               	movwf	??_main
   286  07A1                     u117:	
   287  07A1  0BF0               	decfsz	??_main,f
   288  07A2  2FA1               	goto	u117
   289  07A3  0BF1               	decfsz	??_main+1,f
   290  07A4  2FA1               	goto	u117
   291  07A5  0BF2               	decfsz	??_main+2,f
   292  07A6  2FA1               	goto	u117
   293  07A7  2FA8               	nop2
   294                           
   295                           ;main.c: 99: if (!PORTBbits.RB5)
   296  07A8  1283               	bcf	3,5	;RP0=0, select bank0
   297  07A9  1303               	bcf	3,6	;RP1=0, select bank0
   298  07AA  1A86               	btfsc	6,5	;volatile
   299  07AB  2FB7               	goto	l546
   300                           
   301                           ;main.c: 100: {
   302                           ;main.c: 101: PORTDbits.RD1^=1;
   303  07AC  0C08               	rrf	8,w	;volatile
   304  07AD  3901               	andlw	1
   305  07AE  00F0               	movwf	??_main
   306  07AF  3001               	movlw	1
   307  07B0  06F0               	xorwf	??_main,f
   308  07B1  0DF0               	rlf	??_main,f
   309  07B2  0808               	movf	8,w	;volatile
   310  07B3  0670               	xorwf	??_main,w
   311  07B4  39FD               	andlw	-3
   312  07B5  0670               	xorwf	??_main,w
   313  07B6  0088               	movwf	8	;volatile
   314  07B7                     l546:	
   315                           
   316                           ;main.c: 102: }
   317                           ;main.c: 103: }
   318                           ;main.c: 109: if (!PORTBbits.RB6)
   319  07B7  1B06               	btfsc	6,6	;volatile
   320  07B8  2FE7               	goto	l556
   321                           
   322                           ;main.c: 110: {
   323                           ;main.c: 112: _delay((unsigned long)((100)*(20000000/4000.0)));
   324  07B9  3003               	movlw	3
   325  07BA  00F2               	movwf	??_main+2
   326  07BB  308A               	movlw	138
   327  07BC  00F1               	movwf	??_main+1
   328  07BD  3055               	movlw	85
   329  07BE  00F0               	movwf	??_main
   330  07BF                     u127:	
   331  07BF  0BF0               	decfsz	??_main,f
   332  07C0  2FBF               	goto	u127
   333  07C1  0BF1               	decfsz	??_main+1,f
   334  07C2  2FBF               	goto	u127
   335  07C3  0BF2               	decfsz	??_main+2,f
   336  07C4  2FBF               	goto	u127
   337  07C5  2FC6               	nop2
   338                           
   339                           ;main.c: 113: if (!PORTBbits.RB6)
   340  07C6  1283               	bcf	3,5	;RP0=0, select bank0
   341  07C7  1303               	bcf	3,6	;RP1=0, select bank0
   342  07C8  1B06               	btfsc	6,6	;volatile
   343  07C9  2FE7               	goto	l556
   344                           
   345                           ;main.c: 114: {
   346                           ;main.c: 115: PORTDbits.RD2^=1;
   347  07CA  0C08               	rrf	8,w	;volatile
   348  07CB  00F0               	movwf	??_main
   349  07CC  0C70               	rrf	??_main,w
   350  07CD  3901               	andlw	1
   351  07CE  00F0               	movwf	??_main
   352  07CF  3001               	movlw	1
   353  07D0  06F0               	xorwf	??_main,f
   354  07D1  0DF0               	rlf	??_main,f
   355  07D2  0DF0               	rlf	??_main,f
   356  07D3  0808               	movf	8,w	;volatile
   357  07D4  0670               	xorwf	??_main,w
   358  07D5  39FB               	andlw	-5
   359  07D6  0670               	xorwf	??_main,w
   360  07D7  0088               	movwf	8	;volatile
   361  07D8                     l41:	
   362                           ;main.c: 117: while(!PORTBbits.RB6);
   363                           
   364  07D8  1F06               	btfss	6,6	;volatile
   365  07D9  2FD8               	goto	l41
   366                           
   367                           ;main.c: 120: _delay((unsigned long)((100)*(20000000/4000.0)));
   368  07DA  3003               	movlw	3
   369  07DB  00F2               	movwf	??_main+2
   370  07DC  308A               	movlw	138
   371  07DD  00F1               	movwf	??_main+1
   372  07DE  3055               	movlw	85
   373  07DF  00F0               	movwf	??_main
   374  07E0                     u137:	
   375  07E0  0BF0               	decfsz	??_main,f
   376  07E1  2FE0               	goto	u137
   377  07E2  0BF1               	decfsz	??_main+1,f
   378  07E3  2FE0               	goto	u137
   379  07E4  0BF2               	decfsz	??_main+2,f
   380  07E5  2FE0               	goto	u137
   381  07E6  2FE7               	nop2
   382  07E7                     l556:	
   383                           
   384                           ;main.c: 121: }
   385                           ;main.c: 122: }
   386                           ;main.c: 129: if (!PORTBbits.RB7)
   387  07E7  1283               	bcf	3,5	;RP0=0, select bank0
   388  07E8  1303               	bcf	3,6	;RP1=0, select bank0
   389  07E9  1B86               	btfsc	6,7	;volatile
   390  07EA  2F72               	goto	l530
   391                           
   392                           ;main.c: 130: {
   393                           ;main.c: 131: PORTDbits.RD3^=1;
   394  07EB  0C08               	rrf	8,w	;volatile
   395  07EC  00F0               	movwf	??_main
   396  07ED  0CF0               	rrf	??_main,f
   397  07EE  0C70               	rrf	??_main,w
   398  07EF  3901               	andlw	1
   399  07F0  00F0               	movwf	??_main
   400  07F1  3001               	movlw	1
   401  07F2  06F0               	xorwf	??_main,f
   402  07F3  0DF0               	rlf	??_main,f
   403  07F4  0DF0               	rlf	??_main,f
   404  07F5  0DF0               	rlf	??_main,f
   405  07F6  0808               	movf	8,w	;volatile
   406  07F7  0670               	xorwf	??_main,w
   407  07F8  39F7               	andlw	-9
   408  07F9  0670               	xorwf	??_main,w
   409  07FA  0088               	movwf	8	;volatile
   410  07FB  2F72               	goto	l530
   411  07FC                     __end_of_main:	
   412                           
   413                           	psect	text1
   414  0753                     __ptext1:	
   415 ;; *************** function _settings *****************
   416 ;; Defined at:
   417 ;;		line 136 in file "main.c"
   418 ;; Parameters:    Size  Location     Type
   419 ;;		None
   420 ;; Auto vars:     Size  Location     Type
   421 ;;		None
   422 ;; Return value:  Size  Location     Type
   423 ;;                  1    wreg      void 
   424 ;; Registers used:
   425 ;;		wreg, status,2
   426 ;; Tracked objects:
   427 ;;		On entry : 0/0
   428 ;;		On exit  : 0/0
   429 ;;		Unchanged: 0/0
   430 ;; Data sizes:     COMMON   BANK0   BANK1   BANK3   BANK2
   431 ;;      Params:         0       0       0       0       0
   432 ;;      Locals:         0       0       0       0       0
   433 ;;      Temps:          0       0       0       0       0
   434 ;;      Totals:         0       0       0       0       0
   435 ;;Total ram usage:        0 bytes
   436 ;; Hardware stack levels used:    1
   437 ;; This function calls:
   438 ;;		Nothing
   439 ;; This function is called by:
   440 ;;		_main
   441 ;; This function uses a non-reentrant model
   442 ;;
   443                           
   444                           
   445                           ;psect for function _settings
   446  0753                     _settings:	
   447                           
   448                           ;main.c: 138: ANSEL=0;
   449                           
   450                           ;incstack = 0
   451                           ; Regs used in _settings: [wreg+status,2]
   452  0753  1683               	bsf	3,5	;RP0=1, select bank3
   453  0754  1703               	bsf	3,6	;RP1=1, select bank3
   454  0755  0188               	clrf	8	;volatile
   455                           
   456                           ;main.c: 139: ANSELH=0;
   457  0756  0189               	clrf	9	;volatile
   458                           
   459                           ;main.c: 140: ADCON0bits.ADON=0;
   460  0757  1283               	bcf	3,5	;RP0=0, select bank0
   461  0758  1303               	bcf	3,6	;RP1=0, select bank0
   462  0759  101F               	bcf	31,0	;volatile
   463                           
   464                           ;main.c: 142: TRISA=0xFF;
   465  075A  30FF               	movlw	255
   466  075B  1683               	bsf	3,5	;RP0=1, select bank1
   467  075C  1303               	bcf	3,6	;RP1=0, select bank1
   468  075D  0085               	movwf	5	;volatile
   469                           
   470                           ;main.c: 143: TRISB=0b11111111;
   471  075E  30FF               	movlw	255
   472  075F  0086               	movwf	6	;volatile
   473                           
   474                           ;main.c: 144: TRISC=0xFF;
   475  0760  30FF               	movlw	255
   476  0761  0087               	movwf	7	;volatile
   477                           
   478                           ;main.c: 145: TRISD=0b11110000;
   479  0762  30F0               	movlw	240
   480  0763  0088               	movwf	8	;volatile
   481                           
   482                           ;main.c: 146: TRISE=0xFF;
   483  0764  30FF               	movlw	255
   484  0765  0089               	movwf	9	;volatile
   485                           
   486                           ;main.c: 148: PORTD=0;
   487  0766  1283               	bcf	3,5	;RP0=0, select bank0
   488  0767  1303               	bcf	3,6	;RP1=0, select bank0
   489  0768  0188               	clrf	8	;volatile
   490                           
   491                           ;main.c: 150: OPTION_REGbits.nRBPU=0;
   492  0769  1683               	bsf	3,5	;RP0=1, select bank1
   493  076A  1303               	bcf	3,6	;RP1=0, select bank1
   494  076B  1381               	bcf	1,7	;volatile
   495  076C  0008               	return
   496  076D                     __end_of_settings:	
   497  007E                     btemp	set	126	;btemp
   498  007E                     wtemp0	set	126


Data Sizes:
    Strings     0
    Constant    0
    Data        0
    BSS         0
    Persistent  0
    Stack       0

Auto Spaces:
    Space          Size  Autos    Used
    COMMON           14      3       3
    BANK0            80      0       0
    BANK1            80      0       0
    BANK3            96      0       0
    BANK2            96      0       0

Pointer List with Targets:

    None.

Critical Paths under _main in COMMON

    None.

Critical Paths under _main in BANK0

    None.

Critical Paths under _main in BANK1

    None.

Critical Paths under _main in BANK3

    None.

Critical Paths under _main in BANK2

    None.

Call Graph Tables:

 ---------------------------------------------------------------------------------
 (Depth) Function   	        Calls       Base Space   Used Autos Params    Refs
 ---------------------------------------------------------------------------------
 (0) _main                                                 3     3      0       0
                                              0 COMMON     3     3      0
                           _settings
 ---------------------------------------------------------------------------------
 (1) _settings                                             0     0      0       0
 ---------------------------------------------------------------------------------
 Estimated maximum stack depth 1
 ---------------------------------------------------------------------------------

 Call Graph Graphs:

 _main (ROOT)
   _settings

 Address spaces:
Name               Size   Autos  Total    Cost      Usage
BITCOMMON            E      0       0       0        0.0%
EEDATA             100      0       0       0        0.0%
NULL                 0      0       0       0        0.0%
CODE                 0      0       0       0        0.0%
COMMON               E      3       3       1       21.4%
BITSFR0              0      0       0       1        0.0%
SFR0                 0      0       0       1        0.0%
BITSFR1              0      0       0       2        0.0%
SFR1                 0      0       0       2        0.0%
STACK                0      0       0       2        0.0%
ABS                  0      0       0       3        0.0%
BITBANK0            50      0       0       4        0.0%
BITSFR3              0      0       0       4        0.0%
SFR3                 0      0       0       4        0.0%
BANK0               50      0       0       5        0.0%
BITSFR2              0      0       0       5        0.0%
SFR2                 0      0       0       5        0.0%
BITBANK1            50      0       0       6        0.0%
BANK1               50      0       0       7        0.0%
BITBANK3            60      0       0       8        0.0%
BANK3               60      0       0       9        0.0%
BITBANK2            60      0       0      10        0.0%
BANK2               60      0       0      11        0.0%
DATA                 0      0       0      12        0.0%


Microchip Technology PIC Macro Assembler V1.44 build -154322312 
Symbol Table                                                                                   Tue Oct 03 16:31:33 2017

            __CFG_CP$OFF 0000                       l41 07D8                       l34 0796  
                     l36 0797                       u97 077C                      l530 0772  
                    l546 07B7                      l556 07E7                      u107 078E  
                    u117 07A1                      u127 07BF                      u137 07E0  
           __CFG_CPD$OFF 0000             __CFG_FOSC$HS 0000             __CFG_LVP$OFF 0000  
           __CFG_WRT$OFF 0000                     _main 076D                     btemp 007E  
                   start 0000            __CFG_IESO$OFF 0000            __CFG_MCLRE$ON 0000  
                  ?_main 0070            __CFG_WDTE$OFF 0000                    _ANSEL 0188  
                  _PORTD 0008                    _TRISA 0085                    _TRISB 0086  
                  _TRISC 0087                    _TRISD 0088                    _TRISE 0089  
          __CFG_PWRTE$ON 0000           __CFG_FCMEN$OFF 0000           __CFG_BOREN$OFF 0000  
                  status 0003                    wtemp0 007E          __initialization 07FC  
           __end_of_main 07FC                   ??_main 0070                   _ANSELH 0189  
       __end_of_settings 076D  __end_of__initialization 07FC           __pcstackCOMMON 0070  
         _OPTION_REGbits 0081               __pmaintext 076D                ?_settings 0070  
                __ptext1 0753     end_of_initialization 07FC               ??_settings 0070  
              _PORTBbits 0006                _PORTDbits 0008      start_initialization 07FC  
              ___latbits 0002        __size_of_settings 001A               _ADCON0bits 001F  
      __CFG_BOR4V$BOR21V 0000            __size_of_main 008F                 _settings 0753  
