

Microchip Technology PIC LITE Macro Assembler V1.43 build -156212558 
                                                                                               Mon Sep 18 18:57:54 2017

Microchip Technology Omniscient Code Generator v1.43 (Free mode) build 201707250354
     1                           	processor	16F887
     2                           	opt	pw 120
     3                           	opt	lm
     4                           	psect	cinit,global,class=CODE,merge=1,delta=2
     5                           	psect	cstackCOMMON,global,class=COMMON,space=1,delta=1
     6                           	psect	maintext,global,class=CODE,split=1,delta=2
     7                           	psect	text1,local,class=CODE,merge=1,delta=2
     8                           	dabs	1,0x7E,2
     9  0000                     
    10                           ; Version 1.43
    11                           ; Generated 25/07/2017 GMT
    12                           ; 
    13                           ; Copyright © 2017, Microchip Technology Inc. and its subsidiaries ("Microchip")
    14                           ; All rights reserved.
    15                           ; 
    16                           ; This software is developed by Microchip Technology Inc. and its subsidiaries ("Microch
      +                          ip").
    17                           ; 
    18                           ; Redistribution and use in source and binary forms, with or without modification, are
    19                           ; permitted provided that the following conditions are met:
    20                           ; 
    21                           ;     1. Redistributions of source code must retain the above copyright notice, this lis
      +                          t of
    22                           ;        conditions and the following disclaimer.
    23                           ; 
    24                           ;     2. Redistributions in binary form must reproduce the above copyright notice, this 
      +                          list
    25                           ;        of conditions and the following disclaimer in the documentation and/or other
    26                           ;        materials provided with the distribution.
    27                           ; 
    28                           ;     3. Microchip's name may not be used to endorse or promote products derived from th
      +                          is
    29                           ;        software without specific prior written permission.
    30                           ; 
    31                           ; THIS SOFTWARE IS PROVIDED BY MICROCHIP "AS IS" AND ANY EXPRESS OR IMPLIED WARRANTIES,
    32                           ; INCLUDING, BUT NOT LIMITED TO, THE IMPLIED WARRANTIES OF MERCHANTABILITY AND FITNESS F
      +                          OR
    33                           ; PURPOSE ARE DISCLAIMED.  IN NO EVENT SHALL MICROCHIP BE LIABLE FOR ANY DIRECT, INDIREC
      +                          T,
    34                           ; INCIDENTAL, SPECIAL, EXEMPLARY, OR CONSEQUENTIAL DAMAGES (INCLUDING BUT NOT LIMITED TO
    35                           ; PROCUREMENT OF SUBSTITUTE GOODS OR SERVICES; LOSS OF USE, DATA OR PROFITS; OR BUSINESS
    36                           ; INTERRUPTION) HOWSOEVER CAUSED AND ON ANY THEORY OF LIABILITY, WHETHER IN CONTRACT, ST
      +                          RICT
    37                           ; LIABILITY, OR TORT (INCLUDING NEGLIGENCE OR OTHERWISE) ARISING IN ANY WAY OUT OF THE U
      +                          SE OF
    38                           ; THIS SOFTWARE, EVEN IF ADVISED OF THE POSSIBILITY OF SUCH DAMAGE.
    39                           ; 
    40                           ; 
    41                           ; Code-generator required, PIC16F887 Definitions
    42                           ; 
    43                           ; SFR Addresses
    44  0000                     	;# 
    45  0001                     	;# 
    46  0002                     	;# 
    47  0003                     	;# 
    48  0004                     	;# 
    49  0005                     	;# 
    50  0006                     	;# 
    51  0007                     	;# 
    52  0008                     	;# 
    53  0009                     	;# 
    54  000A                     	;# 
    55  000B                     	;# 
    56  000C                     	;# 
    57  000D                     	;# 
    58  000E                     	;# 
    59  000E                     	;# 
    60  000F                     	;# 
    61  0010                     	;# 
    62  0011                     	;# 
    63  0012                     	;# 
    64  0013                     	;# 
    65  0014                     	;# 
    66  0015                     	;# 
    67  0015                     	;# 
    68  0016                     	;# 
    69  0017                     	;# 
    70  0018                     	;# 
    71  0019                     	;# 
    72  001A                     	;# 
    73  001B                     	;# 
    74  001B                     	;# 
    75  001C                     	;# 
    76  001D                     	;# 
    77  001E                     	;# 
    78  001F                     	;# 
    79  0081                     	;# 
    80  0085                     	;# 
    81  0086                     	;# 
    82  0087                     	;# 
    83  0088                     	;# 
    84  0089                     	;# 
    85  008C                     	;# 
    86  008D                     	;# 
    87  008E                     	;# 
    88  008F                     	;# 
    89  0090                     	;# 
    90  0091                     	;# 
    91  0092                     	;# 
    92  0093                     	;# 
    93  0093                     	;# 
    94  0093                     	;# 
    95  0094                     	;# 
    96  0095                     	;# 
    97  0096                     	;# 
    98  0097                     	;# 
    99  0098                     	;# 
   100  0099                     	;# 
   101  009A                     	;# 
   102  009B                     	;# 
   103  009C                     	;# 
   104  009D                     	;# 
   105  009E                     	;# 
   106  009F                     	;# 
   107  0105                     	;# 
   108  0107                     	;# 
   109  0108                     	;# 
   110  0109                     	;# 
   111  010C                     	;# 
   112  010C                     	;# 
   113  010D                     	;# 
   114  010E                     	;# 
   115  010F                     	;# 
   116  0185                     	;# 
   117  0187                     	;# 
   118  0188                     	;# 
   119  0189                     	;# 
   120  018C                     	;# 
   121  018D                     	;# 
   122  0008                     _PORTD	set	8
   123  001F                     _ADCON0bits	set	31
   124  0008                     _PORTDbits	set	8
   125  0006                     _PORTBbits	set	6
   126  0081                     _OPTION_REGbits	set	129
   127  0089                     _TRISE	set	137
   128  0088                     _TRISD	set	136
   129  0087                     _TRISC	set	135
   130  0086                     _TRISB	set	134
   131  0085                     _TRISA	set	133
   132  0189                     _ANSELH	set	393
   133  0188                     _ANSEL	set	392
   134                           
   135                           ; #config settings
   136  0000                     
   137                           	psect	cinit
   138  07FC                     start_initialization:	
   139  07FC                     __initialization:	
   140  07FC                     end_of_initialization:	
   141                           ;End of C runtime variable initialization code
   142                           
   143  07FC                     __end_of__initialization:	
   144  07FC  0183               	clrf	3
   145  07FD  120A  118A  2F8B   	ljmp	_main	;jump to C main() function
   146                           
   147                           	psect	cstackCOMMON
   148  0070                     __pcstackCOMMON:	
   149  0070                     ?_settings:	
   150  0070                     ??_settings:	
   151                           ; 1 bytes @ 0x0
   152                           
   153  0070                     ??_main:	
   154                           ; 1 bytes @ 0x0
   155                           
   156  0070                     ?_main:	
   157                           ; 1 bytes @ 0x0
   158                           
   159                           
   160                           ; 2 bytes @ 0x0
   161  0070                     	ds	3
   162                           
   163                           	psect	maintext
   164  078B                     __pmaintext:	
   165 ;;
   166 ;;Main: autosize = 0, tempsize = 3, incstack = 0, save=0
   167 ;;
   168 ;; *************** function _main *****************
   169 ;; Defined at:
   170 ;;		line 51 in file "main.c"
   171 ;; Parameters:    Size  Location     Type
   172 ;;		None
   173 ;; Auto vars:     Size  Location     Type
   174 ;;		None
   175 ;; Return value:  Size  Location     Type
   176 ;;                  2   32[None  ] int 
   177 ;; Registers used:
   178 ;;		wreg, status,2, status,0, pclath, cstack
   179 ;; Tracked objects:
   180 ;;		On entry : B00/0
   181 ;;		On exit  : 0/0
   182 ;;		Unchanged: 0/0
   183 ;; Data sizes:     COMMON   BANK0   BANK1   BANK3   BANK2
   184 ;;      Params:         0       0       0       0       0
   185 ;;      Locals:         0       0       0       0       0
   186 ;;      Temps:          3       0       0       0       0
   187 ;;      Totals:         3       0       0       0       0
   188 ;;Total ram usage:        3 bytes
   189 ;; Hardware stack levels required when called:    1
   190 ;; This function calls:
   191 ;;		_settings
   192 ;; This function is called by:
   193 ;;		Startup code after reset
   194 ;; This function uses a non-reentrant model
   195 ;;
   196                           
   197                           
   198                           ;psect for function _main
   199  078B                     _main:	
   200                           
   201                           ;main.c: 53: settings();
   202                           
   203                           ;incstack = 0
   204                           ; Regs used in _main: [wreg+status,2+status,0+pclath+cstack]
   205  078B  120A  118A  2771  120A  118A  	fcall	_settings
   206  0790                     l530:	
   207                           ;main.c: 55: while(1)
   208                           
   209                           
   210                           ;main.c: 56: {
   211                           ;main.c: 75: if (!PORTBbits.RB4)
   212  0790  1283               	bcf	3,5	;RP0=0, select bank0
   213  0791  1303               	bcf	3,6	;RP1=0, select bank0
   214  0792  1A06               	btfsc	6,4	;volatile
   215  0793  2FA7               	goto	l34
   216                           
   217                           ;main.c: 76: {
   218                           ;main.c: 77: _delay((unsigned long)((90)*(20000000/4000.0)));
   219  0794  3003               	movlw	3
   220  0795  00F2               	movwf	??_main+2
   221  0796  3049               	movlw	73
   222  0797  00F1               	movwf	??_main+1
   223  0798  3066               	movlw	102
   224  0799  00F0               	movwf	??_main
   225  079A                     u97:	
   226  079A  0BF0               	decfsz	??_main,f
   227  079B  2F9A               	goto	u97
   228  079C  0BF1               	decfsz	??_main+1,f
   229  079D  2F9A               	goto	u97
   230  079E  0BF2               	decfsz	??_main+2,f
   231  079F  2F9A               	goto	u97
   232  07A0  0000               	nop
   233                           
   234                           ;main.c: 80: if (!PORTBbits.RB4)
   235  07A1  1283               	bcf	3,5	;RP0=0, select bank0
   236  07A2  1303               	bcf	3,6	;RP1=0, select bank0
   237  07A3  1A06               	btfsc	6,4	;volatile
   238  07A4  2FA8               	goto	l36
   239                           
   240                           ;main.c: 81: {
   241                           ;main.c: 82: PORTDbits.RD0=1;
   242  07A5  1408               	bsf	8,0	;volatile
   243                           
   244                           ;main.c: 83: }
   245                           ;main.c: 84: }
   246  07A6  2FA8               	goto	l36
   247  07A7                     l34:	
   248                           
   249                           ;main.c: 85: else
   250                           ;main.c: 86: {
   251                           ;main.c: 87: PORTDbits.RD0=0;
   252  07A7  1008               	bcf	8,0	;volatile
   253  07A8                     l36:	
   254                           
   255                           ;main.c: 88: }
   256                           ;main.c: 93: if (!PORTBbits.RB5)
   257  07A8  1A86               	btfsc	6,5	;volatile
   258  07A9  2FC6               	goto	l544
   259                           
   260                           ;main.c: 94: {
   261                           ;main.c: 95: _delay((unsigned long)((150)*(20000000/4000.0)));
   262  07AA  3004               	movlw	4
   263  07AB  00F2               	movwf	??_main+2
   264  07AC  30CF               	movlw	207
   265  07AD  00F1               	movwf	??_main+1
   266  07AE  3001               	movlw	1
   267  07AF  00F0               	movwf	??_main
   268  07B0                     u107:	
   269  07B0  0BF0               	decfsz	??_main,f
   270  07B1  2FB0               	goto	u107
   271  07B2  0BF1               	decfsz	??_main+1,f
   272  07B3  2FB0               	goto	u107
   273  07B4  0BF2               	decfsz	??_main+2,f
   274  07B5  2FB0               	goto	u107
   275  07B6  2FB7               	nop2
   276                           
   277                           ;main.c: 96: if (!PORTBbits.RB5)
   278  07B7  1283               	bcf	3,5	;RP0=0, select bank0
   279  07B8  1303               	bcf	3,6	;RP1=0, select bank0
   280  07B9  1A86               	btfsc	6,5	;volatile
   281  07BA  2FC6               	goto	l544
   282                           
   283                           ;main.c: 97: {
   284                           ;main.c: 98: PORTDbits.RD1^=1;
   285  07BB  0C08               	rrf	8,w	;volatile
   286  07BC  3901               	andlw	1
   287  07BD  00F0               	movwf	??_main
   288  07BE  3001               	movlw	1
   289  07BF  06F0               	xorwf	??_main,f
   290  07C0  0DF0               	rlf	??_main,f
   291  07C1  0808               	movf	8,w	;volatile
   292  07C2  0670               	xorwf	??_main,w
   293  07C3  39FD               	andlw	-3
   294  07C4  0670               	xorwf	??_main,w
   295  07C5  0088               	movwf	8	;volatile
   296  07C6                     l544:	
   297                           
   298                           ;main.c: 99: }
   299                           ;main.c: 100: }
   300                           ;main.c: 105: if (!PORTBbits.RB6)
   301  07C6  1B06               	btfsc	6,6	;volatile
   302  07C7  2FE9               	goto	l554
   303                           
   304                           ;main.c: 106: {
   305                           ;main.c: 108: _delay((unsigned long)((90)*(20000000/4000.0)));
   306  07C8  3003               	movlw	3
   307  07C9  00F2               	movwf	??_main+2
   308  07CA  3049               	movlw	73
   309  07CB  00F1               	movwf	??_main+1
   310  07CC  3066               	movlw	102
   311  07CD  00F0               	movwf	??_main
   312  07CE                     u117:	
   313  07CE  0BF0               	decfsz	??_main,f
   314  07CF  2FCE               	goto	u117
   315  07D0  0BF1               	decfsz	??_main+1,f
   316  07D1  2FCE               	goto	u117
   317  07D2  0BF2               	decfsz	??_main+2,f
   318  07D3  2FCE               	goto	u117
   319  07D4  0000               	nop
   320                           
   321                           ;main.c: 109: if (!PORTBbits.RB6)
   322  07D5  1283               	bcf	3,5	;RP0=0, select bank0
   323  07D6  1303               	bcf	3,6	;RP1=0, select bank0
   324  07D7  1B06               	btfsc	6,6	;volatile
   325  07D8  2FE9               	goto	l554
   326  07D9                     l41:	
   327                           ;main.c: 110: {
   328                           ;main.c: 111: while(!PORTBbits.RB6);
   329                           
   330  07D9  1F06               	btfss	6,6	;volatile
   331  07DA  2FD9               	goto	l41
   332                           
   333                           ;main.c: 112: PORTDbits.RD2^=1;
   334  07DB  0C08               	rrf	8,w	;volatile
   335  07DC  00F0               	movwf	??_main
   336  07DD  0C70               	rrf	??_main,w
   337  07DE  3901               	andlw	1
   338  07DF  00F0               	movwf	??_main
   339  07E0  3001               	movlw	1
   340  07E1  06F0               	xorwf	??_main,f
   341  07E2  0DF0               	rlf	??_main,f
   342  07E3  0DF0               	rlf	??_main,f
   343  07E4  0808               	movf	8,w	;volatile
   344  07E5  0670               	xorwf	??_main,w
   345  07E6  39FB               	andlw	-5
   346  07E7  0670               	xorwf	??_main,w
   347  07E8  0088               	movwf	8	;volatile
   348  07E9                     l554:	
   349                           
   350                           ;main.c: 113: }
   351                           ;main.c: 114: }
   352                           ;main.c: 121: if (!PORTBbits.RB7)
   353  07E9  1B86               	btfsc	6,7	;volatile
   354  07EA  2F90               	goto	l530
   355                           
   356                           ;main.c: 122: {
   357                           ;main.c: 123: PORTDbits.RD3^=1;
   358  07EB  0C08               	rrf	8,w	;volatile
   359  07EC  00F0               	movwf	??_main
   360  07ED  0CF0               	rrf	??_main,f
   361  07EE  0C70               	rrf	??_main,w
   362  07EF  3901               	andlw	1
   363  07F0  00F0               	movwf	??_main
   364  07F1  3001               	movlw	1
   365  07F2  06F0               	xorwf	??_main,f
   366  07F3  0DF0               	rlf	??_main,f
   367  07F4  0DF0               	rlf	??_main,f
   368  07F5  0DF0               	rlf	??_main,f
   369  07F6  0808               	movf	8,w	;volatile
   370  07F7  0670               	xorwf	??_main,w
   371  07F8  39F7               	andlw	-9
   372  07F9  0670               	xorwf	??_main,w
   373  07FA  0088               	movwf	8	;volatile
   374  07FB  2F90               	goto	l530
   375  07FC                     __end_of_main:	
   376                           
   377                           	psect	text1
   378  0771                     __ptext1:	
   379 ;; *************** function _settings *****************
   380 ;; Defined at:
   381 ;;		line 128 in file "main.c"
   382 ;; Parameters:    Size  Location     Type
   383 ;;		None
   384 ;; Auto vars:     Size  Location     Type
   385 ;;		None
   386 ;; Return value:  Size  Location     Type
   387 ;;                  1    wreg      void 
   388 ;; Registers used:
   389 ;;		wreg, status,2
   390 ;; Tracked objects:
   391 ;;		On entry : 0/0
   392 ;;		On exit  : 0/0
   393 ;;		Unchanged: 0/0
   394 ;; Data sizes:     COMMON   BANK0   BANK1   BANK3   BANK2
   395 ;;      Params:         0       0       0       0       0
   396 ;;      Locals:         0       0       0       0       0
   397 ;;      Temps:          0       0       0       0       0
   398 ;;      Totals:         0       0       0       0       0
   399 ;;Total ram usage:        0 bytes
   400 ;; Hardware stack levels used:    1
   401 ;; This function calls:
   402 ;;		Nothing
   403 ;; This function is called by:
   404 ;;		_main
   405 ;; This function uses a non-reentrant model
   406 ;;
   407                           
   408                           
   409                           ;psect for function _settings
   410  0771                     _settings:	
   411                           
   412                           ;main.c: 130: ANSEL=0;
   413                           
   414                           ;incstack = 0
   415                           ; Regs used in _settings: [wreg+status,2]
   416  0771  1683               	bsf	3,5	;RP0=1, select bank3
   417  0772  1703               	bsf	3,6	;RP1=1, select bank3
   418  0773  0188               	clrf	8	;volatile
   419                           
   420                           ;main.c: 131: ANSELH=0;
   421  0774  0189               	clrf	9	;volatile
   422                           
   423                           ;main.c: 132: ADCON0bits.ADON=0;
   424  0775  1283               	bcf	3,5	;RP0=0, select bank0
   425  0776  1303               	bcf	3,6	;RP1=0, select bank0
   426  0777  101F               	bcf	31,0	;volatile
   427                           
   428                           ;main.c: 134: TRISA=0xFF;
   429  0778  30FF               	movlw	255
   430  0779  1683               	bsf	3,5	;RP0=1, select bank1
   431  077A  1303               	bcf	3,6	;RP1=0, select bank1
   432  077B  0085               	movwf	5	;volatile
   433                           
   434                           ;main.c: 135: TRISB=0b11111111;
   435  077C  30FF               	movlw	255
   436  077D  0086               	movwf	6	;volatile
   437                           
   438                           ;main.c: 136: TRISC=0xFF;
   439  077E  30FF               	movlw	255
   440  077F  0087               	movwf	7	;volatile
   441                           
   442                           ;main.c: 137: TRISD=0b11110000;
   443  0780  30F0               	movlw	240
   444  0781  0088               	movwf	8	;volatile
   445                           
   446                           ;main.c: 138: TRISE=0xFF;
   447  0782  30FF               	movlw	255
   448  0783  0089               	movwf	9	;volatile
   449                           
   450                           ;main.c: 140: PORTD=0;
   451  0784  1283               	bcf	3,5	;RP0=0, select bank0
   452  0785  1303               	bcf	3,6	;RP1=0, select bank0
   453  0786  0188               	clrf	8	;volatile
   454                           
   455                           ;main.c: 142: OPTION_REGbits.nRBPU=0;
   456  0787  1683               	bsf	3,5	;RP0=1, select bank1
   457  0788  1303               	bcf	3,6	;RP1=0, select bank1
   458  0789  1381               	bcf	1,7	;volatile
   459  078A  0008               	return
   460  078B                     __end_of_settings:	
   461  007E                     btemp	set	126	;btemp
   462  007E                     wtemp0	set	126


Data Sizes:
    Strings     0
    Constant    0
    Data        0
    BSS         0
    Persistent  0
    Stack       0

Auto Spaces:
    Space          Size  Autos    Used
    COMMON           14      3       3
    BANK0            80      0       0
    BANK1            80      0       0
    BANK3            96      0       0
    BANK2            96      0       0

Pointer List with Targets:

    None.

Critical Paths under _main in COMMON

    None.

Critical Paths under _main in BANK0

    None.

Critical Paths under _main in BANK1

    None.

Critical Paths under _main in BANK3

    None.

Critical Paths under _main in BANK2

    None.

Call Graph Tables:

 ---------------------------------------------------------------------------------
 (Depth) Function   	        Calls       Base Space   Used Autos Params    Refs
 ---------------------------------------------------------------------------------
 (0) _main                                                 3     3      0       0
                                              0 COMMON     3     3      0
                           _settings
 ---------------------------------------------------------------------------------
 (1) _settings                                             0     0      0       0
 ---------------------------------------------------------------------------------
 Estimated maximum stack depth 1
 ---------------------------------------------------------------------------------

 Call Graph Graphs:

 _main (ROOT)
   _settings

 Address spaces:
Name               Size   Autos  Total    Cost      Usage
BITCOMMON            E      0       0       0        0.0%
EEDATA             100      0       0       0        0.0%
NULL                 0      0       0       0        0.0%
CODE                 0      0       0       0        0.0%
COMMON               E      3       3       1       21.4%
BITSFR0              0      0       0       1        0.0%
SFR0                 0      0       0       1        0.0%
BITSFR1              0      0       0       2        0.0%
SFR1                 0      0       0       2        0.0%
STACK                0      0       0       2        0.0%
ABS                  0      0       0       3        0.0%
BITBANK0            50      0       0       4        0.0%
BITSFR3              0      0       0       4        0.0%
SFR3                 0      0       0       4        0.0%
BANK0               50      0       0       5        0.0%
BITSFR2              0      0       0       5        0.0%
SFR2                 0      0       0       5        0.0%
BITBANK1            50      0       0       6        0.0%
BANK1               50      0       0       7        0.0%
BITBANK3            60      0       0       8        0.0%
BANK3               60      0       0       9        0.0%
BITBANK2            60      0       0      10        0.0%
BANK2               60      0       0      11        0.0%
DATA                 0      0       0      12        0.0%


Microchip Technology PIC Macro Assembler V1.43 build -156212558 
Symbol Table                                                                                   Mon Sep 18 18:57:54 2017

            __CFG_CP$OFF 0000                       l41 07D9                       l34 07A7  
                     l36 07A8                       u97 079A                      l530 0790  
                    l544 07C6                      l554 07E9                      u107 07B0  
                    u117 07CE             __CFG_CPD$OFF 0000             __CFG_FOSC$HS 0000  
           __CFG_LVP$OFF 0000             __CFG_WRT$OFF 0000                     _main 078B  
                   btemp 007E                     start 0000            __CFG_IESO$OFF 0000  
          __CFG_MCLRE$ON 0000                    ?_main 0070            __CFG_WDTE$OFF 0000  
                  _ANSEL 0188                    _PORTD 0008                    _TRISA 0085  
                  _TRISB 0086                    _TRISC 0087                    _TRISD 0088  
                  _TRISE 0089            __CFG_PWRTE$ON 0000           __CFG_FCMEN$OFF 0000  
         __CFG_BOREN$OFF 0000                    status 0003                    wtemp0 007E  
        __initialization 07FC             __end_of_main 07FC                   ??_main 0070  
                 _ANSELH 0189         __end_of_settings 078B  __end_of__initialization 07FC  
         __pcstackCOMMON 0070           _OPTION_REGbits 0081               __pmaintext 078B  
              ?_settings 0070                  __ptext1 0771     end_of_initialization 07FC  
             ??_settings 0070                _PORTBbits 0006                _PORTDbits 0008  
    start_initialization 07FC                ___latbits 0002        __size_of_settings 001A  
             _ADCON0bits 001F        __CFG_BOR4V$BOR21V 0000            __size_of_main 0071  
               _settings 0771  
